\BOOKMARK [1][-]{section.1}{Introduction}{}% 1
\BOOKMARK [1][-]{section.2}{Case Study Background}{}% 2
\BOOKMARK [2][-]{subsection.2.1}{Customer}{section.2}% 3
\BOOKMARK [2][-]{subsection.2.2}{Preliminary Objective and Stakeholders}{section.2}% 4
\BOOKMARK [2][-]{subsection.2.3}{Aims}{section.2}% 5
\BOOKMARK [2][-]{subsection.2.4}{Project Scope}{section.2}% 6
\BOOKMARK [1][-]{section.3}{Planning}{}% 7
\BOOKMARK [2][-]{subsection.3.1}{Initial Planning}{section.3}% 8
\BOOKMARK [2][-]{subsection.3.2}{Development and Further Requirement Gathering}{section.3}% 9
\BOOKMARK [2][-]{subsection.3.3}{Class Diagrams}{section.3}% 10
\BOOKMARK [2][-]{subsection.3.4}{Wireframes}{section.3}% 11
\BOOKMARK [2][-]{subsection.3.5}{Development Estimation}{section.3}% 12
\BOOKMARK [2][-]{subsection.3.6}{Peer Programming}{section.3}% 13
\BOOKMARK [2][-]{subsection.3.7}{Continuous Integration}{section.3}% 14
\BOOKMARK [2][-]{subsection.3.8}{Tracking}{section.3}% 15
\BOOKMARK [1][-]{section.4}{Team Dynamics}{}% 16
\BOOKMARK [1][-]{section.5}{Meetings}{}% 17
\BOOKMARK [2][-]{subsection.5.1}{Group Meetings}{section.5}% 18
\BOOKMARK [3][-]{subsubsection.5.1.1}{Requirements Discussion and Delegation}{subsection.5.1}% 19
\BOOKMARK [3][-]{subsubsection.5.1.2}{Progress Discussion}{subsection.5.1}% 20
\BOOKMARK [2][-]{subsection.5.2}{Client Meetings}{section.5}% 21
\BOOKMARK [3][-]{subsubsection.5.2.1}{Requirements Elicitation}{subsection.5.2}% 22
\BOOKMARK [3][-]{subsubsection.5.2.2}{Progress Reporting}{subsection.5.2}% 23
\BOOKMARK [1][-]{section.6}{Communication}{}% 24
\BOOKMARK [2][-]{subsection.6.1}{Group Interaction}{section.6}% 25
\BOOKMARK [2][-]{subsection.6.2}{Client Communication}{section.6}% 26
\BOOKMARK [1][-]{section.7}{Testing}{}% 27
\BOOKMARK [1][-]{section.8}{Code Development}{}% 28
\BOOKMARK [2][-]{subsection.8.1}{Front-End Development}{section.8}% 29
\BOOKMARK [3][-]{subsubsection.8.1.1}{Settings}{subsection.8.1}% 30
\BOOKMARK [3][-]{subsubsection.8.1.2}{Game}{subsection.8.1}% 31
\BOOKMARK [3][-]{subsubsection.8.1.3}{Rounds}{subsection.8.1}% 32
\BOOKMARK [3][-]{subsubsection.8.1.4}{Form}{subsection.8.1}% 33
\BOOKMARK [2][-]{subsection.8.2}{Back-End Development}{section.8}% 34
\BOOKMARK [3][-]{subsubsection.8.2.1}{Java}{subsection.8.2}% 35
\BOOKMARK [3][-]{subsubsection.8.2.2}{JavaFX, CSS, FXML}{subsection.8.2}% 36
\BOOKMARK [3][-]{subsubsection.8.2.3}{Singleton, Data structures and System Data}{subsection.8.2}% 37
\BOOKMARK [3][-]{subsubsection.8.2.4}{Exportability \(save\) and Importability \(load\) of a Game}{subsection.8.2}% 38
\BOOKMARK [3][-]{subsubsection.8.2.5}{Controllers}{subsection.8.2}% 39
\BOOKMARK [1][-]{section.9}{Final Product Features}{}% 40
\BOOKMARK [1][-]{section.10}{Conclusion}{}% 41
\BOOKMARK [2][-]{subsection.10.1}{Conclusion}{section.10}% 42
\BOOKMARK [1][-]{section.11}{Appendix A}{}% 43
\BOOKMARK [2][-]{subsection.11.1}{User Documentation}{section.11}% 44
\BOOKMARK [3][-]{subsubsection.11.1.1}{Starting the game}{subsection.11.1}% 45
\BOOKMARK [3][-]{subsubsection.11.1.2}{Settings}{subsection.11.1}% 46
\BOOKMARK [3][-]{subsubsection.11.1.3}{Game Lobby}{subsection.11.1}% 47
\BOOKMARK [3][-]{subsubsection.11.1.4}{Adding a round}{subsection.11.1}% 48
\BOOKMARK [3][-]{subsubsection.11.1.5}{Saving a game}{subsection.11.1}% 49
\BOOKMARK [3][-]{subsubsection.11.1.6}{Creating a report}{subsection.11.1}% 50
\BOOKMARK [3][-]{subsubsection.11.1.7}{Timer}{subsection.11.1}% 51
\BOOKMARK [3][-]{subsubsection.11.1.8}{Adding round data}{subsection.11.1}% 52
\BOOKMARK [3][-]{subsubsection.11.1.9}{Form B}{subsection.11.1}% 53
\BOOKMARK [3][-]{subsubsection.11.1.10}{Form O}{subsection.11.1}% 54
\BOOKMARK [3][-]{subsubsection.11.1.11}{Form S}{subsection.11.1}% 55
\BOOKMARK [3][-]{subsubsection.11.1.12}{Form T}{subsection.11.1}% 56
