\BOOKMARK [1][-]{section.1}{Introduction}{}% 1
\BOOKMARK [1][-]{section.2}{Case Study Background}{}% 2
\BOOKMARK [2][-]{subsection.2.1}{Customer}{section.2}% 3
\BOOKMARK [2][-]{subsection.2.2}{Preliminary Objective and Stakeholders}{section.2}% 4
\BOOKMARK [2][-]{subsection.2.3}{Aims}{section.2}% 5
\BOOKMARK [2][-]{subsection.2.4}{Initial Planning}{section.2}% 6
\BOOKMARK [2][-]{subsection.2.5}{Development and Further Requirement Gathering}{section.2}% 7
\BOOKMARK [2][-]{subsection.2.6}{Final Product Features}{section.2}% 8
\BOOKMARK [1][-]{section.3}{Group Meetings}{}% 9
\BOOKMARK [2][-]{subsection.3.1}{Requirements Discussion and Delegation}{section.3}% 10
\BOOKMARK [2][-]{subsection.3.2}{Progress Discussion}{section.3}% 11
\BOOKMARK [1][-]{section.4}{Client Meetings}{}% 12
\BOOKMARK [2][-]{subsection.4.1}{Requirements Elicitation}{section.4}% 13
\BOOKMARK [2][-]{subsection.4.2}{Progress Reporting}{section.4}% 14
\BOOKMARK [2][-]{subsection.4.3}{Project Scope}{section.4}% 15
\BOOKMARK [1][-]{section.5}{Communication}{}% 16
\BOOKMARK [2][-]{subsection.5.1}{Group Interaction}{section.5}% 17
\BOOKMARK [2][-]{subsection.5.2}{Client Communication}{section.5}% 18
\BOOKMARK [1][-]{section.6}{Planning}{}% 19
\BOOKMARK [2][-]{subsection.6.1}{Class Diagrams}{section.6}% 20
\BOOKMARK [2][-]{subsection.6.2}{Wireframes}{section.6}% 21
\BOOKMARK [2][-]{subsection.6.3}{Development Estimation}{section.6}% 22
\BOOKMARK [2][-]{subsection.6.4}{Peer Programming}{section.6}% 23
\BOOKMARK [2][-]{subsection.6.5}{Team Dynamics}{section.6}% 24
\BOOKMARK [2][-]{subsection.6.6}{Testing}{section.6}% 25
\BOOKMARK [2][-]{subsection.6.7}{Continuous Integration}{section.6}% 26
\BOOKMARK [2][-]{subsection.6.8}{Tracking}{section.6}% 27
\BOOKMARK [1][-]{section.7}{Code Development}{}% 28
\BOOKMARK [2][-]{subsection.7.1}{Front-End Development}{section.7}% 29
\BOOKMARK [3][-]{subsubsection.7.1.1}{Settings}{subsection.7.1}% 30
\BOOKMARK [3][-]{subsubsection.7.1.2}{Game}{subsection.7.1}% 31
\BOOKMARK [3][-]{subsubsection.7.1.3}{Rounds}{subsection.7.1}% 32
\BOOKMARK [3][-]{subsubsection.7.1.4}{Form}{subsection.7.1}% 33
\BOOKMARK [2][-]{subsection.7.2}{Back-End Development}{section.7}% 34
\BOOKMARK [3][-]{subsubsection.7.2.1}{Java}{subsection.7.2}% 35
\BOOKMARK [3][-]{subsubsection.7.2.2}{JavaFX, CSS, FXML}{subsection.7.2}% 36
\BOOKMARK [3][-]{subsubsection.7.2.3}{Singleton, Data structures and System Data}{subsection.7.2}% 37
\BOOKMARK [3][-]{subsubsection.7.2.4}{Exportability \(save\) and Importability \(load\) of a Game}{subsection.7.2}% 38
\BOOKMARK [3][-]{subsubsection.7.2.5}{Controllers}{subsection.7.2}% 39
\BOOKMARK [1][-]{section.8}{Conclusion}{}% 40
\BOOKMARK [2][-]{subsection.8.1}{Conclusion}{section.8}% 41
\BOOKMARK [1][-]{section.9}{Appendix}{}% 42
\BOOKMARK [2][-]{subsection.9.1}{User Documentation}{section.9}% 43
\BOOKMARK [3][-]{subsubsection.9.1.1}{Starting the game}{subsection.9.1}% 44
\BOOKMARK [3][-]{subsubsection.9.1.2}{Settings}{subsection.9.1}% 45
\BOOKMARK [3][-]{subsubsection.9.1.3}{Game Lobby}{subsection.9.1}% 46
\BOOKMARK [3][-]{subsubsection.9.1.4}{Adding a round}{subsection.9.1}% 47
\BOOKMARK [3][-]{subsubsection.9.1.5}{Saving a game}{subsection.9.1}% 48
\BOOKMARK [3][-]{subsubsection.9.1.6}{Creating a report}{subsection.9.1}% 49
\BOOKMARK [3][-]{subsubsection.9.1.7}{Timer}{subsection.9.1}% 50
\BOOKMARK [3][-]{subsubsection.9.1.8}{Adding round data}{subsection.9.1}% 51
\BOOKMARK [3][-]{subsubsection.9.1.9}{Form B}{subsection.9.1}% 52
\BOOKMARK [3][-]{subsubsection.9.1.10}{Form O}{subsection.9.1}% 53
\BOOKMARK [3][-]{subsubsection.9.1.11}{Form S}{subsection.9.1}% 54
\BOOKMARK [3][-]{subsubsection.9.1.12}{Form T}{subsection.9.1}% 55
